<?xml version="1.0" encoding="UTF-8"?>
<!-- Generated by org.testng.reporters.JUnitReportReporter -->
<testsuite hostname="LNOR071186" failures="0" tests="2" name="com.blocket.uitest.LoginTest" time="19.867" errors="0" timestamp="29 okt. 2019 09:24:53 GMT" skipped="0">
  <testcase classname="com.blocket.uitest.LoginTest" name="validLoginTest" time="8.932"/>
  <testcase classname="com.blocket.uitest.LoginTest" name="invalidLoginTest" time="10.935"/>
</testsuite> <!-- com.blocket.uitest.LoginTest -->
