<?xml version="1.0" encoding="UTF-8"?>
<!-- Generated by org.testng.reporters.JUnitReportReporter -->
<testsuite hostname="A01C01988" failures="0" tests="1" name="com.blocket.uitest.AppTest" time="11.323" errors="0" timestamp="13 aug. 2019 14:40:43 GMT" skipped="0">
  <testcase classname="com.blocket.uitest.AppTest" name="openpage" time="11.323"/>
</testsuite> <!-- com.blocket.uitest.AppTest -->
