<?xml version="1.0" encoding="UTF-8"?>
<!-- Generated by org.testng.reporters.JUnitReportReporter -->
<testsuite hostname="LNOR071186" failures="0" tests="2" name="com.blocket.uitest.LoginTest" time="15.082" errors="0" timestamp="29 okt. 2019 12:16:14 GMT" skipped="0">
  <testcase classname="com.blocket.uitest.LoginTest" name="invalidLoginTest" time="6.662"/>
  <testcase classname="com.blocket.uitest.LoginTest" name="validLoginTest" time="8.420"/>
</testsuite> <!-- com.blocket.uitest.LoginTest -->
