<?xml version="1.0" encoding="UTF-8"?>
<!-- Generated by org.testng.reporters.JUnitReportReporter -->
<testsuite hostname="LNOR071186" failures="0" tests="2" name="com.blocket.uitest.OrderBlueJeansE2E" time="29.760" errors="0" timestamp="29 okt. 2019 09:27:17 GMT" skipped="0">
  <testcase classname="com.blocket.uitest.OrderBlueJeansE2E" name="E2EOrderBlueJeans" time="18.208"/>
  <testcase classname="com.blocket.uitest.OrderBlueJeansE2E" name="LoginAnnDeleteAddNewAddress" time="11.552"/>
</testsuite> <!-- com.blocket.uitest.OrderBlueJeansE2E -->
